11:05:44 11.11.2023: create dir /home/swissmer/aaaz_111123
11:05:44 11.11.2023: create file /home/swissmer/aaaz_111123/aaaz\.az
11:05:44 11.11.2023: create file /home/swissmer/aaaz_111123/aaaaz\.az
11:05:44 11.11.2023: create file /home/swissmer/aaaz_111123/aaaaaz\.az
11:05:44 11.11.2023: create file /home/swissmer/aaaz_111123/aaaaaaz\.az
11:05:44 11.11.2023: create file /home/swissmer/aaaz_111123/aaaaaaaz\.az
11:05:44 11.11.2023: create dir /home/swissmer/aaaaz_111123
11:05:44 11.11.2023: create file /home/swissmer/aaaaz_111123/aaaz\.az
11:05:44 11.11.2023: create file /home/swissmer/aaaaz_111123/aaaaz\.az
11:05:44 11.11.2023: create file /home/swissmer/aaaaz_111123/aaaaaz\.az
11:05:44 11.11.2023: create file /home/swissmer/aaaaz_111123/aaaaaaz\.az
11:05:44 11.11.2023: create file /home/swissmer/aaaaz_111123/aaaaaaaz\.az
11:05:44 11.11.2023: create dir /home/swissmer/aaaaaz_111123
11:05:44 11.11.2023: create file /home/swissmer/aaaaaz_111123/aaaz\.az
11:05:44 11.11.2023: create file /home/swissmer/aaaaaz_111123/aaaaz\.az
11:05:44 11.11.2023: create file /home/swissmer/aaaaaz_111123/aaaaaz\.az
11:05:44 11.11.2023: create file /home/swissmer/aaaaaz_111123/aaaaaaz\.az
11:05:44 11.11.2023: create file /home/swissmer/aaaaaz_111123/aaaaaaaz\.az
11:05:44 11.11.2023: create dir /home/swissmer/aaaaaaz_111123
11:05:44 11.11.2023: create file /home/swissmer/aaaaaaz_111123/aaaz\.az
11:05:44 11.11.2023: create file /home/swissmer/aaaaaaz_111123/aaaaz\.az
11:05:44 11.11.2023: create file /home/swissmer/aaaaaaz_111123/aaaaaz\.az
11:05:44 11.11.2023: create file /home/swissmer/aaaaaaz_111123/aaaaaaz\.az
11:05:44 11.11.2023: create file /home/swissmer/aaaaaaz_111123/aaaaaaaz\.az
11:06:56 11.11.2023: create dir /home/swissmer/aaaz_111123
11:06:56 11.11.2023: create file /home/swissmer/aaaz_111123/aaaz\.az
11:06:56 11.11.2023: create file /home/swissmer/aaaz_111123/aaaaz\.az
11:06:56 11.11.2023: create file /home/swissmer/aaaz_111123/aaaaaz\.az
11:06:56 11.11.2023: create file /home/swissmer/aaaz_111123/aaaaaaz\.az
11:06:56 11.11.2023: create file /home/swissmer/aaaz_111123/aaaaaaaz\.az
11:06:56 11.11.2023: create dir /home/swissmer/aaaaz_111123
11:06:56 11.11.2023: create file /home/swissmer/aaaaz_111123/aaaz\.az
11:06:56 11.11.2023: create file /home/swissmer/aaaaz_111123/aaaaz\.az
11:06:56 11.11.2023: create file /home/swissmer/aaaaz_111123/aaaaaz\.az
11:06:56 11.11.2023: create file /home/swissmer/aaaaz_111123/aaaaaaz\.az
11:06:56 11.11.2023: create file /home/swissmer/aaaaz_111123/aaaaaaaz\.az
11:06:56 11.11.2023: create dir /home/swissmer/aaaaaz_111123
11:06:56 11.11.2023: create file /home/swissmer/aaaaaz_111123/aaaz\.az
11:06:56 11.11.2023: create file /home/swissmer/aaaaaz_111123/aaaaz\.az
11:06:56 11.11.2023: create file /home/swissmer/aaaaaz_111123/aaaaaz\.az
11:06:56 11.11.2023: create file /home/swissmer/aaaaaz_111123/aaaaaaz\.az
11:06:56 11.11.2023: create file /home/swissmer/aaaaaz_111123/aaaaaaaz\.az
11:06:56 11.11.2023: create dir /home/swissmer/aaaaaaz_111123
11:06:56 11.11.2023: create file /home/swissmer/aaaaaaz_111123/aaaz\.az
11:06:56 11.11.2023: create file /home/swissmer/aaaaaaz_111123/aaaaz\.az
11:06:56 11.11.2023: create file /home/swissmer/aaaaaaz_111123/aaaaaz\.az
11:06:56 11.11.2023: create file /home/swissmer/aaaaaaz_111123/aaaaaaz\.az
11:06:56 11.11.2023: create file /home/swissmer/aaaaaaz_111123/aaaaaaaz\.az
